{"C:\\Users\\user\\Desktop\\works\\liquifact\\src\\app.js": {"path":"C:\\Users\\user\\Desktop\\works\\liquifact\\src\\app.js","statementMap":{"0":{"start":{"line":1,"column":16},"end":{"line":1,"column":34}},"1":{"start":{"line":2,"column":13},"end":{"line":2,"column":28}},"2":{"start":{"line":3,"column":23},"end":{"line":3,"column":56}},"3":{"start":{"line":5,"column":12},"end":{"line":5,"column":21}},"4":{"start":{"line":7,"column":0},"end":{"line":7,"column":16}},"5":{"start":{"line":8,"column":0},"end":{"line":8,"column":24}},"6":{"start":{"line":11,"column":0},"end":{"line":16,"column":3}},"7":{"start":{"line":12,"column":2},"end":{"line":15,"column":6}},"8":{"start":{"line":19,"column":0},"end":{"line":29,"column":3}},"9":{"start":{"line":20,"column":2},"end":{"line":28,"column":6}},"10":{"start":{"line":32,"column":0},"end":{"line":34,"column":3}},"11":{"start":{"line":33,"column":2},"end":{"line":33,"column":82}},"12":{"start":{"line":36,"column":0},"end":{"line":41,"column":3}},"13":{"start":{"line":37,"column":2},"end":{"line":40,"column":5}},"14":{"start":{"line":44,"column":0},"end":{"line":50,"column":3}},"15":{"start":{"line":45,"column":24},"end":{"line":45,"column":34}},"16":{"start":{"line":46,"column":2},"end":{"line":49,"column":5}},"17":{"start":{"line":53,"column":0},"end":{"line":56,"column":3}},"18":{"start":{"line":54,"column":14},"end":{"line":54,"column":42}},"19":{"start":{"line":55,"column":2},"end":{"line":55,"column":12}},"20":{"start":{"line":59,"column":0},"end":{"line":64,"column":3}},"21":{"start":{"line":60,"column":2},"end":{"line":63,"column":5}},"22":{"start":{"line":67,"column":0},"end":{"line":75,"column":3}},"23":{"start":{"line":68,"column":2},"end":{"line":68,"column":21}},"24":{"start":{"line":69,"column":17},"end":{"line":69,"column":34}},"25":{"start":{"line":70,"column":2},"end":{"line":74,"column":5}},"26":{"start":{"line":77,"column":0},"end":{"line":77,"column":21}}},"fnMap":{"0":{"name":"(anonymous_0)","decl":{"start":{"line":11,"column":19},"end":{"line":11,"column":20}},"loc":{"start":{"line":11,"column":33},"end":{"line":16,"column":1}},"line":11},"1":{"name":"(anonymous_1)","decl":{"start":{"line":19,"column":16},"end":{"line":19,"column":17}},"loc":{"start":{"line":19,"column":30},"end":{"line":29,"column":1}},"line":19},"2":{"name":"(anonymous_2)","decl":{"start":{"line":32,"column":25},"end":{"line":32,"column":26}},"loc":{"start":{"line":32,"column":39},"end":{"line":34,"column":1}},"line":32},"3":{"name":"(anonymous_3)","decl":{"start":{"line":36,"column":26},"end":{"line":36,"column":27}},"loc":{"start":{"line":36,"column":40},"end":{"line":41,"column":1}},"line":36},"4":{"name":"(anonymous_4)","decl":{"start":{"line":44,"column":34},"end":{"line":44,"column":35}},"loc":{"start":{"line":44,"column":48},"end":{"line":50,"column":1}},"line":44},"5":{"name":"(anonymous_5)","decl":{"start":{"line":53,"column":24},"end":{"line":53,"column":25}},"loc":{"start":{"line":53,"column":44},"end":{"line":56,"column":1}},"line":53},"6":{"name":"(anonymous_6)","decl":{"start":{"line":59,"column":8},"end":{"line":59,"column":9}},"loc":{"start":{"line":59,"column":22},"end":{"line":64,"column":1}},"line":59},"7":{"name":"(anonymous_7)","decl":{"start":{"line":67,"column":8},"end":{"line":67,"column":9}},"loc":{"start":{"line":67,"column":34},"end":{"line":75,"column":1}},"line":67}},"branchMap":{"0":{"loc":{"start":{"line":69,"column":17},"end":{"line":69,"column":34}},"type":"binary-expr","locations":[{"start":{"line":69,"column":17},"end":{"line":69,"column":27}},{"start":{"line":69,"column":31},"end":{"line":69,"column":34}}],"line":69},"1":{"loc":{"start":{"line":71,"column":4},"end":{"line":71,"column":58}},"type":"cond-expr","locations":[{"start":{"line":71,"column":21},"end":{"line":71,"column":44}},{"start":{"line":71,"column":47},"end":{"line":71,"column":58}}],"line":71},"2":{"loc":{"start":{"line":72,"column":4},"end":{"line":72,"column":65}},"type":"cond-expr","locations":[{"start":{"line":72,"column":21},"end":{"line":72,"column":37}},{"start":{"line":72,"column":40},"end":{"line":72,"column":65}}],"line":72},"3":{"loc":{"start":{"line":72,"column":40},"end":{"line":72,"column":65}},"type":"binary-expr","locations":[{"start":{"line":72,"column":40},"end":{"line":72,"column":48}},{"start":{"line":72,"column":52},"end":{"line":72,"column":65}}],"line":72},"4":{"loc":{"start":{"line":73,"column":4},"end":{"line":73,"column":61}},"type":"cond-expr","locations":[{"start":{"line":73,"column":45},"end":{"line":73,"column":54}},{"start":{"line":73,"column":57},"end":{"line":73,"column":61}}],"line":73}},"s":{"0":1,"1":1,"2":1,"3":1,"4":1,"5":1,"6":1,"7":1,"8":1,"9":1,"10":1,"11":1,"12":1,"13":1,"14":1,"15":1,"16":1,"17":1,"18":2,"19":2,"20":1,"21":1,"22":1,"23":3,"24":3,"25":3,"26":1},"f":{"0":1,"1":1,"2":1,"3":1,"4":1,"5":2,"6":1,"7":3},"b":{"0":[3,2],"1":[2,1],"2":[2,1],"3":[1,1],"4":[2,1]},"_coverageSchema":"1a1c01bbd47fc00a2c39e90264f33305004495a9","hash":"4913bde456eada0a8a5e52f600d0cffcf4dde103"}
,"C:\\Users\\user\\Desktop\\works\\liquifact\\src\\utils\\responseHelper.js": {"path":"C:\\Users\\user\\Desktop\\works\\liquifact\\src\\utils\\responseHelper.js","statementMap":{"0":{"start":{"line":6,"column":20},"end":{"line":6,"column":27}},"1":{"start":{"line":15,"column":16},"end":{"line":23,"column":2}},"2":{"start":{"line":15,"column":38},"end":{"line":23,"column":1}},"3":{"start":{"line":33,"column":14},"end":{"line":44,"column":2}},"4":{"start":{"line":33,"column":69},"end":{"line":44,"column":1}},"5":{"start":{"line":46,"column":0},"end":{"line":49,"column":2}}},"fnMap":{"0":{"name":"(anonymous_0)","decl":{"start":{"line":15,"column":16},"end":{"line":15,"column":17}},"loc":{"start":{"line":15,"column":38},"end":{"line":23,"column":1}},"line":15},"1":{"name":"(anonymous_1)","decl":{"start":{"line":33,"column":14},"end":{"line":33,"column":15}},"loc":{"start":{"line":33,"column":69},"end":{"line":44,"column":1}},"line":33}},"branchMap":{"0":{"loc":{"start":{"line":15,"column":23},"end":{"line":15,"column":32}},"type":"default-arg","locations":[{"start":{"line":15,"column":30},"end":{"line":15,"column":32}}],"line":15},"1":{"loc":{"start":{"line":33,"column":24},"end":{"line":33,"column":47}},"type":"default-arg","locations":[{"start":{"line":33,"column":31},"end":{"line":33,"column":47}}],"line":33},"2":{"loc":{"start":{"line":33,"column":49},"end":{"line":33,"column":63}},"type":"default-arg","locations":[{"start":{"line":33,"column":59},"end":{"line":33,"column":63}}],"line":33}},"s":{"0":1,"1":1,"2":7,"3":1,"4":6,"5":1},"f":{"0":7,"1":6},"b":{"0":[3],"1":[1],"2":[2]},"_coverageSchema":"1a1c01bbd47fc00a2c39e90264f33305004495a9","hash":"b87ce1ab915f57f5a8f312dd8084e00707f54e04"}
}
