TN:
SF:src\app.js
FN:11,(anonymous_0)
FN:19,(anonymous_1)
FN:32,(anonymous_2)
FN:36,(anonymous_3)
FN:44,(anonymous_4)
FN:53,(anonymous_5)
FN:59,(anonymous_6)
FN:67,(anonymous_7)
FNF:8
FNH:8
FNDA:1,(anonymous_0)
FNDA:1,(anonymous_1)
FNDA:1,(anonymous_2)
FNDA:1,(anonymous_3)
FNDA:1,(anonymous_4)
FNDA:2,(anonymous_5)
FNDA:1,(anonymous_6)
FNDA:3,(anonymous_7)
DA:1,1
DA:2,1
DA:3,1
DA:5,1
DA:7,1
DA:8,1
DA:11,1
DA:12,1
DA:19,1
DA:20,1
DA:32,1
DA:33,1
DA:36,1
DA:37,1
DA:44,1
DA:45,1
DA:46,1
DA:53,1
DA:54,2
DA:55,2
DA:59,1
DA:60,1
DA:67,1
DA:68,3
DA:69,3
DA:70,3
DA:77,1
LF:27
LH:27
BRDA:69,0,0,3
BRDA:69,0,1,2
BRDA:71,1,0,2
BRDA:71,1,1,1
BRDA:72,2,0,2
BRDA:72,2,1,1
BRDA:72,3,0,1
BRDA:72,3,1,1
BRDA:73,4,0,2
BRDA:73,4,1,1
BRF:10
BRH:10
end_of_record
TN:
SF:src\utils\responseHelper.js
FN:15,(anonymous_0)
FN:33,(anonymous_1)
FNF:2
FNH:2
FNDA:7,(anonymous_0)
FNDA:6,(anonymous_1)
DA:6,1
DA:15,7
DA:33,6
DA:46,1
LF:4
LH:4
BRDA:15,0,0,3
BRDA:33,1,0,1
BRDA:33,2,0,2
BRF:3
BRH:3
end_of_record
